<?xml version="1.0" encoding="UTF-8"?>
<!-- Generated by org.testng.reporters.JUnitReportReporter -->
<testsuite hostname="HOME-PC" name="LoginExample" tests="1" failures="0" timestamp="9 Feb 2017 17:50:46 GMT" time="27.269" errors="0">
  <testcase name="unAuthorisedUser" time="27.269" classname="LoginExample"/>
</testsuite> <!-- LoginExample -->
