<?xml version="1.0" encoding="UTF-8"?>
<!-- Generated by org.testng.reporters.JUnitReportReporter -->
<testsuite hostname="HOME-PC" name="Venntro.LoginExample" tests="1" failures="0" timestamp="9 Feb 2017 22:57:36 GMT" time="18.726" errors="0">
  <testcase name="unAuthorisedUser" time="18.726" classname="Venntro.LoginExample"/>
</testsuite> <!-- Venntro.LoginExample -->
