<?xml version="1.0" encoding="UTF-8"?>
<!-- Generated by org.testng.reporters.JUnitReportReporter -->
<testsuite hostname="HOME-PC" name="CheckBoxSelection" tests="1" failures="0" timestamp="9 Feb 2017 13:48:08 GMT" time="11.946" errors="0">
  <testcase name="selectingCheckBox" time="11.946" classname="CheckBoxSelection"/>
</testsuite> <!-- CheckBoxSelection -->
