<?xml version="1.0" encoding="UTF-8"?>
<!-- Generated by org.testng.reporters.JUnitReportReporter -->
<testsuite hostname="HOME-PC" name="Venntro.CheckBoxSelection" tests="1" failures="0" timestamp="9 Feb 2017 22:57:36 GMT" time="18.752" errors="0">
  <testcase name="loadingBar" time="18.752" classname="Venntro.CheckBoxSelection"/>
</testsuite> <!-- Venntro.CheckBoxSelection -->
