<?xml version="1.0" encoding="UTF-8"?>
<!-- Generated by org.testng.reporters.JUnitReportReporter -->
<testsuite hostname="HOME-PC" name="DynamicLoading" tests="1" failures="0" timestamp="9 Feb 2017 17:28:02 GMT" time="39.151" errors="0">
  <testcase name="messageHelloWorld" time="39.151" classname="DynamicLoading"/>
</testsuite> <!-- DynamicLoading -->
