<?xml version="1.0" encoding="UTF-8"?>
<!-- Generated by org.testng.reporters.JUnitReportReporter -->
<testsuite hostname="HOME-PC" name="Venntro.DynamicLoading" tests="1" failures="0" timestamp="9 Feb 2017 22:57:36 GMT" time="14.460" errors="0">
  <testcase name="messageHelloWorld" time="14.460" classname="Venntro.DynamicLoading"/>
</testsuite> <!-- Venntro.DynamicLoading -->
